2022-01-17 06:43:44,947 INFO org.springframework.boot.admin.SpringApplicationAdminMXBeanRegistrar$SpringApplicationAdmin [RMI TCP Connection(161)-127.0.0.1] Application shutdown requested.
2022-01-17 06:43:54,288 INFO org.springframework.boot.StartupInfoLogger [main] Starting GatewayHouseApplication using Java 11.0.12 on Desktop-RRM14 with PID 18424 (C:\wksp_riachuelo\GatewayHouse\target\classes started by rrm14 in C:\wksp_riachuelo\GatewayHouse)
2022-01-17 06:43:54,292 DEBUG org.springframework.boot.StartupInfoLogger [main] Running with Spring Boot v2.6.2, Spring v5.3.14
2022-01-17 06:43:54,292 INFO org.springframework.boot.SpringApplication [main] No active profile set, falling back to default profiles: default
2022-01-17 06:43:55,298 INFO org.springframework.boot.web.embedded.tomcat.TomcatWebServer [main] Tomcat initialized with port(s): 8080 (http)
2022-01-17 06:43:55,312 INFO org.apache.juli.logging.DirectJDKLog [main] Initializing ProtocolHandler ["http-nio-8080"]
2022-01-17 06:43:55,313 INFO org.apache.juli.logging.DirectJDKLog [main] Starting service [Tomcat]
2022-01-17 06:43:55,314 INFO org.apache.juli.logging.DirectJDKLog [main] Starting Servlet engine: [Apache Tomcat/9.0.56]
2022-01-17 06:43:55,431 INFO org.apache.juli.logging.DirectJDKLog [main] Initializing Spring embedded WebApplicationContext
2022-01-17 06:43:55,431 INFO org.springframework.boot.web.servlet.context.ServletWebServerApplicationContext [main] Root WebApplicationContext: initialization completed in 1079 ms
2022-01-17 06:43:55,836 INFO org.apache.juli.logging.DirectJDKLog [main] Starting ProtocolHandler ["http-nio-8080"]
2022-01-17 06:43:55,873 INFO org.springframework.boot.web.embedded.tomcat.TomcatWebServer [main] Tomcat started on port(s): 8080 (http) with context path ''
2022-01-17 06:43:55,885 INFO org.springframework.boot.StartupInfoLogger [main] Started GatewayHouseApplication in 2.169 seconds (JVM running for 9.007)
2022-01-17 06:44:06,879 INFO org.apache.juli.logging.DirectJDKLog [http-nio-8080-exec-1] Initializing Spring DispatcherServlet 'dispatcherServlet'
2022-01-17 06:44:06,881 INFO org.springframework.web.servlet.FrameworkServlet [http-nio-8080-exec-1] Initializing Servlet 'dispatcherServlet'
2022-01-17 06:44:06,884 INFO org.springframework.web.servlet.FrameworkServlet [http-nio-8080-exec-1] Completed initialization in 2 ms
2022-01-17 06:44:06,927 INFO com.riachuelo.house.services.CommissionSalesService [http-nio-8080-exec-1] Step 01 - Reader Commission Sales File
2022-01-17 06:44:06,965 INFO com.riachuelo.house.services.CommissionGoalsService [http-nio-8080-exec-1] Step 02 - Reader Commission Goals File
2022-01-17 06:44:07,893 INFO com.riachuelo.house.components.ExportExcel [http-nio-8080-exec-1] Step 04 - Creating Inconsistency Output File
2022-01-17 06:44:08,250 INFO com.riachuelo.house.components.ExportExcel [http-nio-8080-exec-1] Step 05 - File Created Successfully
2022-01-17 06:44:27,125 INFO com.riachuelo.house.services.CommissionSalesService [http-nio-8080-exec-3] Step 01 - Reader Commission Sales File
2022-01-17 06:44:27,160 INFO com.riachuelo.house.services.CommissionGoalsService [http-nio-8080-exec-3] Step 02 - Reader Commission Goals File
2022-01-17 06:44:27,760 INFO com.riachuelo.house.components.ExportExcel [http-nio-8080-exec-3] Step 04 - Creating Inconsistency Output File
2022-01-17 06:44:27,765 INFO com.riachuelo.house.components.ExportExcel [http-nio-8080-exec-3] Step 05 - File Created Successfully
2022-01-17 07:05:16,702 INFO org.springframework.boot.admin.SpringApplicationAdminMXBeanRegistrar$SpringApplicationAdmin [RMI TCP Connection(30)-127.0.0.1] Application shutdown requested.
2022-01-17 07:05:20,524 INFO org.springframework.boot.StartupInfoLogger [main] Starting GatewayHouseApplication using Java 11.0.12 on Desktop-RRM14 with PID 15132 (C:\wksp_riachuelo\GatewayHouse\target\classes started by rrm14 in C:\wksp_riachuelo\GatewayHouse)
2022-01-17 07:05:20,528 DEBUG org.springframework.boot.StartupInfoLogger [main] Running with Spring Boot v2.6.2, Spring v5.3.14
2022-01-17 07:05:20,529 INFO org.springframework.boot.SpringApplication [main] No active profile set, falling back to default profiles: default
2022-01-17 07:05:21,514 INFO org.springframework.boot.web.embedded.tomcat.TomcatWebServer [main] Tomcat initialized with port(s): 8080 (http)
2022-01-17 07:05:21,528 INFO org.apache.juli.logging.DirectJDKLog [main] Initializing ProtocolHandler ["http-nio-8080"]
2022-01-17 07:05:21,529 INFO org.apache.juli.logging.DirectJDKLog [main] Starting service [Tomcat]
2022-01-17 07:05:21,529 INFO org.apache.juli.logging.DirectJDKLog [main] Starting Servlet engine: [Apache Tomcat/9.0.56]
2022-01-17 07:05:21,692 INFO org.apache.juli.logging.DirectJDKLog [main] Initializing Spring embedded WebApplicationContext
2022-01-17 07:05:21,693 INFO org.springframework.boot.web.servlet.context.ServletWebServerApplicationContext [main] Root WebApplicationContext: initialization completed in 1107 ms
2022-01-17 07:05:22,094 INFO org.apache.juli.logging.DirectJDKLog [main] Starting ProtocolHandler ["http-nio-8080"]
2022-01-17 07:05:22,114 INFO org.springframework.boot.web.embedded.tomcat.TomcatWebServer [main] Tomcat started on port(s): 8080 (http) with context path ''
2022-01-17 07:05:22,124 INFO com.riachuelo.house.services.CommissionSalesService [scheduling-1] Step 01 - Reader Commission Sales File
2022-01-17 07:05:22,130 INFO org.springframework.boot.StartupInfoLogger [main] Started GatewayHouseApplication in 2.141 seconds (JVM running for 3.515)
2022-01-17 07:05:22,150 INFO com.riachuelo.house.services.CommissionGoalsService [scheduling-1] Step 02 - Reader Commission Goals File
2022-01-17 07:05:22,984 INFO com.riachuelo.house.components.ExportExcel [scheduling-1] Step 04 - Creating Inconsistency Output File
2022-01-17 07:05:23,172 INFO com.riachuelo.house.components.ExportExcel [scheduling-1] Step 05 - File Created Successfully
2022-01-17 07:05:32,136 INFO com.riachuelo.house.services.CommissionSalesService [scheduling-1] Step 01 - Reader Commission Sales File
2022-01-17 07:05:32,180 INFO com.riachuelo.house.services.CommissionGoalsService [scheduling-1] Step 02 - Reader Commission Goals File
2022-01-17 07:05:32,644 INFO com.riachuelo.house.components.ExportExcel [scheduling-1] Step 04 - Creating Inconsistency Output File
2022-01-17 07:05:32,648 INFO com.riachuelo.house.components.ExportExcel [scheduling-1] Step 05 - File Created Successfully
2022-01-17 07:05:42,139 INFO com.riachuelo.house.services.CommissionSalesService [scheduling-1] Step 01 - Reader Commission Sales File
2022-01-17 07:05:42,159 INFO com.riachuelo.house.services.CommissionGoalsService [scheduling-1] Step 02 - Reader Commission Goals File
2022-01-17 07:05:42,714 INFO com.riachuelo.house.components.ExportExcel [scheduling-1] Step 04 - Creating Inconsistency Output File
2022-01-17 07:05:42,719 INFO com.riachuelo.house.components.ExportExcel [scheduling-1] Step 05 - File Created Successfully
2022-01-17 07:05:52,128 INFO com.riachuelo.house.services.CommissionSalesService [scheduling-1] Step 01 - Reader Commission Sales File
2022-01-17 07:05:52,140 INFO com.riachuelo.house.services.CommissionGoalsService [scheduling-1] Step 02 - Reader Commission Goals File
2022-01-17 07:05:52,830 INFO com.riachuelo.house.components.ExportExcel [scheduling-1] Step 04 - Creating Inconsistency Output File
2022-01-17 07:05:52,835 INFO com.riachuelo.house.components.ExportExcel [scheduling-1] Step 05 - File Created Successfully
2022-01-17 07:05:54,907 INFO org.apache.juli.logging.DirectJDKLog [http-nio-8080-exec-1] Initializing Spring DispatcherServlet 'dispatcherServlet'
2022-01-17 07:05:54,908 INFO org.springframework.web.servlet.FrameworkServlet [http-nio-8080-exec-1] Initializing Servlet 'dispatcherServlet'
2022-01-17 07:05:54,912 INFO org.springframework.web.servlet.FrameworkServlet [http-nio-8080-exec-1] Completed initialization in 3 ms
2022-01-17 07:05:54,958 INFO com.riachuelo.house.services.CommissionSalesService [http-nio-8080-exec-1] Step 01 - Reader Commission Sales File
2022-01-17 07:05:54,964 INFO com.riachuelo.house.services.CommissionGoalsService [http-nio-8080-exec-1] Step 02 - Reader Commission Goals File
2022-01-17 07:05:55,505 INFO com.riachuelo.house.components.ExportExcel [http-nio-8080-exec-1] Step 04 - Creating Inconsistency Output File
2022-01-17 07:05:55,514 INFO com.riachuelo.house.components.ExportExcel [http-nio-8080-exec-1] Step 05 - File Created Successfully
2022-01-17 07:06:02,131 INFO com.riachuelo.house.services.CommissionSalesService [scheduling-1] Step 01 - Reader Commission Sales File
2022-01-17 07:06:02,141 INFO com.riachuelo.house.services.CommissionGoalsService [scheduling-1] Step 02 - Reader Commission Goals File
2022-01-17 07:06:02,586 INFO com.riachuelo.house.components.ExportExcel [scheduling-1] Step 04 - Creating Inconsistency Output File
2022-01-17 07:06:02,589 INFO com.riachuelo.house.components.ExportExcel [scheduling-1] Step 05 - File Created Successfully
2022-01-17 07:06:05,589 INFO org.springframework.boot.admin.SpringApplicationAdminMXBeanRegistrar$SpringApplicationAdmin [RMI TCP Connection(7)-127.0.0.1] Application shutdown requested.
2022-01-17 07:11:54,602 INFO org.springframework.boot.StartupInfoLogger [main] Starting GatewayHouseApplication using Java 11.0.12 on Desktop-RRM14 with PID 3632 (C:\wksp_riachuelo\GatewayHouse\target\classes started by rrm14 in C:\wksp_riachuelo\GatewayHouse)
2022-01-17 07:11:54,606 DEBUG org.springframework.boot.StartupInfoLogger [main] Running with Spring Boot v2.6.2, Spring v5.3.14
2022-01-17 07:11:54,606 INFO org.springframework.boot.SpringApplication [main] No active profile set, falling back to default profiles: default
2022-01-17 07:11:55,604 INFO org.springframework.boot.web.embedded.tomcat.TomcatWebServer [main] Tomcat initialized with port(s): 8080 (http)
2022-01-17 07:11:55,616 INFO org.apache.juli.logging.DirectJDKLog [main] Initializing ProtocolHandler ["http-nio-8080"]
2022-01-17 07:11:55,617 INFO org.apache.juli.logging.DirectJDKLog [main] Starting service [Tomcat]
2022-01-17 07:11:55,618 INFO org.apache.juli.logging.DirectJDKLog [main] Starting Servlet engine: [Apache Tomcat/9.0.56]
2022-01-17 07:11:55,732 INFO org.apache.juli.logging.DirectJDKLog [main] Initializing Spring embedded WebApplicationContext
2022-01-17 07:11:55,733 INFO org.springframework.boot.web.servlet.context.ServletWebServerApplicationContext [main] Root WebApplicationContext: initialization completed in 1074 ms
2022-01-17 07:11:56,137 INFO org.apache.juli.logging.DirectJDKLog [main] Starting ProtocolHandler ["http-nio-8080"]
2022-01-17 07:11:56,158 INFO org.springframework.boot.web.embedded.tomcat.TomcatWebServer [main] Tomcat started on port(s): 8080 (http) with context path ''
2022-01-17 07:11:56,165 INFO com.riachuelo.house.services.CommissionSalesService [scheduling-1] Step 01 - Reader Commission Sales File
2022-01-17 07:11:56,170 INFO org.springframework.boot.StartupInfoLogger [main] Started GatewayHouseApplication in 2.105 seconds (JVM running for 3.499)
2022-01-17 07:11:56,192 INFO com.riachuelo.house.services.CommissionGoalsService [scheduling-1] Step 02 - Reader Commission Goals File
2022-01-17 07:11:56,911 INFO com.riachuelo.house.components.ExportExcel [scheduling-1] Step 04 - Creating Inconsistency Output File
2022-01-17 07:11:57,137 INFO com.riachuelo.house.components.ExportExcel [scheduling-1] Step 05 - File Created Successfully
2022-01-17 07:12:06,168 INFO com.riachuelo.house.services.CommissionSalesService [scheduling-1] Step 01 - Reader Commission Sales File
2022-01-17 07:12:06,209 INFO com.riachuelo.house.services.CommissionGoalsService [scheduling-1] Step 02 - Reader Commission Goals File
2022-01-17 07:12:06,811 INFO com.riachuelo.house.components.ExportExcel [scheduling-1] Step 04 - Creating Inconsistency Output File
2022-01-17 07:12:06,815 INFO com.riachuelo.house.components.ExportExcel [scheduling-1] Step 05 - File Created Successfully
2022-01-17 07:12:09,393 INFO org.springframework.boot.admin.SpringApplicationAdminMXBeanRegistrar$SpringApplicationAdmin [RMI TCP Connection(2)-127.0.0.1] Application shutdown requested.
