2022-01-15 13:10:13,319 INFO org.springframework.boot.StartupInfoLogger [main] Starting GatewayHouseApplication using Java 11.0.12 on Desktop-RRM14 with PID 2396 (C:\wksp_riachuelo\GatewayHouse\target\classes started by rrm14 in C:\wksp_riachuelo\GatewayHouse)
2022-01-15 13:10:13,336 DEBUG org.springframework.boot.StartupInfoLogger [main] Running with Spring Boot v2.6.2, Spring v5.3.14
2022-01-15 13:10:13,337 INFO org.springframework.boot.SpringApplication [main] No active profile set, falling back to default profiles: default
2022-01-15 13:10:14,851 INFO org.springframework.boot.web.embedded.tomcat.TomcatWebServer [main] Tomcat initialized with port(s): 8080 (http)
2022-01-15 13:10:14,869 INFO org.apache.juli.logging.DirectJDKLog [main] Initializing ProtocolHandler ["http-nio-8080"]
2022-01-15 13:10:14,870 INFO org.apache.juli.logging.DirectJDKLog [main] Starting service [Tomcat]
2022-01-15 13:10:14,871 INFO org.apache.juli.logging.DirectJDKLog [main] Starting Servlet engine: [Apache Tomcat/9.0.56]
2022-01-15 13:10:15,057 INFO org.apache.juli.logging.DirectJDKLog [main] Initializing Spring embedded WebApplicationContext
2022-01-15 13:10:15,057 INFO org.springframework.boot.web.servlet.context.ServletWebServerApplicationContext [main] Root WebApplicationContext: initialization completed in 1634 ms
2022-01-15 13:10:15,654 INFO org.apache.juli.logging.DirectJDKLog [main] Starting ProtocolHandler ["http-nio-8080"]
2022-01-15 13:10:15,693 INFO org.springframework.boot.web.embedded.tomcat.TomcatWebServer [main] Tomcat started on port(s): 8080 (http) with context path ''
2022-01-15 13:10:15,710 INFO org.springframework.boot.StartupInfoLogger [main] Started GatewayHouseApplication in 3.214 seconds (JVM running for 5.819)
2022-01-15 13:10:31,635 INFO org.apache.juli.logging.DirectJDKLog [http-nio-8080-exec-1] Initializing Spring DispatcherServlet 'dispatcherServlet'
2022-01-15 13:10:31,636 INFO org.springframework.web.servlet.FrameworkServlet [http-nio-8080-exec-1] Initializing Servlet 'dispatcherServlet'
2022-01-15 13:10:31,637 INFO org.springframework.web.servlet.FrameworkServlet [http-nio-8080-exec-1] Completed initialization in 1 ms
2022-01-15 13:10:31,672 INFO com.riachuelo.house.services.CommissionSalesService [http-nio-8080-exec-1] Step 01 - Reader Commission Sales File
2022-01-15 13:10:31,707 INFO com.riachuelo.house.services.CommissionGoalsService [http-nio-8080-exec-1] Step 02 - Reader Commission Goals File
2022-01-15 13:10:32,150 INFO com.riachuelo.house.components.ExportExcel [http-nio-8080-exec-1] Step 04 - Creating Inconsistency Output File
2022-01-15 13:10:32,460 INFO com.riachuelo.house.components.ExportExcel [http-nio-8080-exec-1] Step 05 - File Created Successfully
2022-01-15 13:13:58,326 INFO org.springframework.boot.admin.SpringApplicationAdminMXBeanRegistrar$SpringApplicationAdmin [RMI TCP Connection(11)-127.0.0.1] Application shutdown requested.
2022-01-15 13:14:01,888 INFO org.springframework.boot.StartupInfoLogger [main] Starting GatewayHouseApplication using Java 11.0.12 on Desktop-RRM14 with PID 4276 (C:\wksp_riachuelo\GatewayHouse\target\classes started by rrm14 in C:\wksp_riachuelo\GatewayHouse)
2022-01-15 13:14:01,893 DEBUG org.springframework.boot.StartupInfoLogger [main] Running with Spring Boot v2.6.2, Spring v5.3.14
2022-01-15 13:14:01,893 INFO org.springframework.boot.SpringApplication [main] No active profile set, falling back to default profiles: default
2022-01-15 13:14:02,881 INFO org.springframework.boot.web.embedded.tomcat.TomcatWebServer [main] Tomcat initialized with port(s): 8080 (http)
2022-01-15 13:14:02,894 INFO org.apache.juli.logging.DirectJDKLog [main] Initializing ProtocolHandler ["http-nio-8080"]
2022-01-15 13:14:02,894 INFO org.apache.juli.logging.DirectJDKLog [main] Starting service [Tomcat]
2022-01-15 13:14:02,895 INFO org.apache.juli.logging.DirectJDKLog [main] Starting Servlet engine: [Apache Tomcat/9.0.56]
2022-01-15 13:14:03,001 INFO org.apache.juli.logging.DirectJDKLog [main] Initializing Spring embedded WebApplicationContext
2022-01-15 13:14:03,002 INFO org.springframework.boot.web.servlet.context.ServletWebServerApplicationContext [main] Root WebApplicationContext: initialization completed in 1050 ms
2022-01-15 13:14:03,389 INFO org.apache.juli.logging.DirectJDKLog [main] Starting ProtocolHandler ["http-nio-8080"]
2022-01-15 13:14:03,409 INFO org.springframework.boot.web.embedded.tomcat.TomcatWebServer [main] Tomcat started on port(s): 8080 (http) with context path ''
2022-01-15 13:14:03,418 INFO org.springframework.boot.StartupInfoLogger [main] Started GatewayHouseApplication in 2.107 seconds (JVM running for 3.388)
2022-01-15 13:14:07,406 INFO org.apache.juli.logging.DirectJDKLog [http-nio-8080-exec-2] Initializing Spring DispatcherServlet 'dispatcherServlet'
2022-01-15 13:14:07,407 INFO org.springframework.web.servlet.FrameworkServlet [http-nio-8080-exec-2] Initializing Servlet 'dispatcherServlet'
2022-01-15 13:14:07,408 INFO org.springframework.web.servlet.FrameworkServlet [http-nio-8080-exec-2] Completed initialization in 1 ms
2022-01-15 13:14:07,434 INFO com.riachuelo.house.services.CommissionSalesService [http-nio-8080-exec-2] Step 01 - Reader Commission Sales File
2022-01-15 13:14:07,458 INFO com.riachuelo.house.services.CommissionGoalsService [http-nio-8080-exec-2] Step 02 - Reader Commission Goals File
2022-01-15 13:14:07,825 INFO com.riachuelo.house.components.ExportExcel [http-nio-8080-exec-2] Step 04 - Creating Inconsistency Output File
2022-01-15 13:14:08,003 INFO com.riachuelo.house.components.ExportExcel [http-nio-8080-exec-2] Step 05 - File Created Successfully
2022-01-15 13:14:09,724 INFO com.riachuelo.house.services.CommissionSalesService [http-nio-8080-exec-3] Step 01 - Reader Commission Sales File
2022-01-15 13:14:09,742 INFO com.riachuelo.house.services.CommissionGoalsService [http-nio-8080-exec-3] Step 02 - Reader Commission Goals File
2022-01-15 13:14:09,896 INFO com.riachuelo.house.components.ExportExcel [http-nio-8080-exec-3] Step 04 - Creating Inconsistency Output File
2022-01-15 13:14:09,901 INFO com.riachuelo.house.components.ExportExcel [http-nio-8080-exec-3] Step 05 - File Created Successfully
2022-01-15 13:14:13,312 INFO com.riachuelo.house.services.CommissionSalesService [http-nio-8080-exec-4] Step 01 - Reader Commission Sales File
2022-01-15 13:14:13,315 INFO com.riachuelo.house.services.CommissionGoalsService [http-nio-8080-exec-4] Step 02 - Reader Commission Goals File
2022-01-15 13:14:13,367 INFO com.riachuelo.house.components.ExportExcel [http-nio-8080-exec-4] Step 04 - Creating Inconsistency Output File
2022-01-15 13:14:13,372 INFO com.riachuelo.house.components.ExportExcel [http-nio-8080-exec-4] Step 05 - File Created Successfully
2022-01-15 14:03:06,142 INFO org.springframework.boot.admin.SpringApplicationAdminMXBeanRegistrar$SpringApplicationAdmin [RMI TCP Connection(57)-127.0.0.1] Application shutdown requested.
2022-01-15 14:03:09,691 INFO org.springframework.boot.StartupInfoLogger [main] Starting GatewayHouseApplication using Java 11.0.12 on Desktop-RRM14 with PID 12312 (C:\wksp_riachuelo\GatewayHouse\target\classes started by rrm14 in C:\wksp_riachuelo\GatewayHouse)
2022-01-15 14:03:09,694 DEBUG org.springframework.boot.StartupInfoLogger [main] Running with Spring Boot v2.6.2, Spring v5.3.14
2022-01-15 14:03:09,694 INFO org.springframework.boot.SpringApplication [main] No active profile set, falling back to default profiles: default
2022-01-15 14:03:10,649 INFO org.springframework.boot.web.embedded.tomcat.TomcatWebServer [main] Tomcat initialized with port(s): 8080 (http)
2022-01-15 14:03:10,661 INFO org.apache.juli.logging.DirectJDKLog [main] Initializing ProtocolHandler ["http-nio-8080"]
2022-01-15 14:03:10,662 INFO org.apache.juli.logging.DirectJDKLog [main] Starting service [Tomcat]
2022-01-15 14:03:10,662 INFO org.apache.juli.logging.DirectJDKLog [main] Starting Servlet engine: [Apache Tomcat/9.0.56]
2022-01-15 14:03:10,783 INFO org.apache.juli.logging.DirectJDKLog [main] Initializing Spring embedded WebApplicationContext
2022-01-15 14:03:10,783 INFO org.springframework.boot.web.servlet.context.ServletWebServerApplicationContext [main] Root WebApplicationContext: initialization completed in 1029 ms
2022-01-15 14:03:11,178 INFO org.apache.juli.logging.DirectJDKLog [main] Starting ProtocolHandler ["http-nio-8080"]
2022-01-15 14:03:11,198 INFO org.springframework.boot.web.embedded.tomcat.TomcatWebServer [main] Tomcat started on port(s): 8080 (http) with context path ''
2022-01-15 14:03:11,208 INFO org.springframework.boot.StartupInfoLogger [main] Started GatewayHouseApplication in 2.049 seconds (JVM running for 3.416)
2022-01-15 14:03:23,466 INFO org.apache.juli.logging.DirectJDKLog [http-nio-8080-exec-1] Initializing Spring DispatcherServlet 'dispatcherServlet'
2022-01-15 14:03:23,469 INFO org.springframework.web.servlet.FrameworkServlet [http-nio-8080-exec-1] Initializing Servlet 'dispatcherServlet'
2022-01-15 14:03:23,471 INFO org.springframework.web.servlet.FrameworkServlet [http-nio-8080-exec-1] Completed initialization in 1 ms
2022-01-15 14:03:23,497 INFO com.riachuelo.house.services.CommissionSalesService [http-nio-8080-exec-1] Step 01 - Reader Commission Sales File
2022-01-15 14:03:23,523 INFO com.riachuelo.house.services.CommissionGoalsService [http-nio-8080-exec-1] Step 02 - Reader Commission Goals File
2022-01-15 14:03:24,708 INFO com.riachuelo.house.components.ExportExcel [http-nio-8080-exec-1] Step 04 - Creating Inconsistency Output File
2022-01-15 14:03:24,969 INFO com.riachuelo.house.components.ExportExcel [http-nio-8080-exec-1] Step 05 - File Created Successfully
2022-01-15 14:10:29,287 INFO org.springframework.boot.admin.SpringApplicationAdminMXBeanRegistrar$SpringApplicationAdmin [RMI TCP Connection(14)-127.0.0.1] Application shutdown requested.
2022-01-15 14:10:32,653 INFO org.springframework.boot.StartupInfoLogger [main] Starting GatewayHouseApplication using Java 11.0.12 on Desktop-RRM14 with PID 8584 (C:\wksp_riachuelo\GatewayHouse\target\classes started by rrm14 in C:\wksp_riachuelo\GatewayHouse)
2022-01-15 14:10:32,656 DEBUG org.springframework.boot.StartupInfoLogger [main] Running with Spring Boot v2.6.2, Spring v5.3.14
2022-01-15 14:10:32,656 INFO org.springframework.boot.SpringApplication [main] No active profile set, falling back to default profiles: default
2022-01-15 14:10:33,606 INFO org.springframework.boot.web.embedded.tomcat.TomcatWebServer [main] Tomcat initialized with port(s): 8080 (http)
2022-01-15 14:10:33,618 INFO org.apache.juli.logging.DirectJDKLog [main] Initializing ProtocolHandler ["http-nio-8080"]
2022-01-15 14:10:33,618 INFO org.apache.juli.logging.DirectJDKLog [main] Starting service [Tomcat]
2022-01-15 14:10:33,619 INFO org.apache.juli.logging.DirectJDKLog [main] Starting Servlet engine: [Apache Tomcat/9.0.56]
2022-01-15 14:10:33,712 INFO org.apache.juli.logging.DirectJDKLog [main] Initializing Spring embedded WebApplicationContext
2022-01-15 14:10:33,712 INFO org.springframework.boot.web.servlet.context.ServletWebServerApplicationContext [main] Root WebApplicationContext: initialization completed in 1009 ms
2022-01-15 14:10:34,115 INFO org.apache.juli.logging.DirectJDKLog [main] Starting ProtocolHandler ["http-nio-8080"]
2022-01-15 14:10:34,136 INFO org.springframework.boot.web.embedded.tomcat.TomcatWebServer [main] Tomcat started on port(s): 8080 (http) with context path ''
2022-01-15 14:10:34,145 INFO org.springframework.boot.StartupInfoLogger [main] Started GatewayHouseApplication in 2.014 seconds (JVM running for 3.305)
2022-01-15 14:10:41,146 INFO org.apache.juli.logging.DirectJDKLog [http-nio-8080-exec-1] Initializing Spring DispatcherServlet 'dispatcherServlet'
2022-01-15 14:10:41,148 INFO org.springframework.web.servlet.FrameworkServlet [http-nio-8080-exec-1] Initializing Servlet 'dispatcherServlet'
2022-01-15 14:10:41,150 INFO org.springframework.web.servlet.FrameworkServlet [http-nio-8080-exec-1] Completed initialization in 1 ms
2022-01-15 14:10:41,177 INFO com.riachuelo.house.services.CommissionSalesService [http-nio-8080-exec-1] Step 01 - Reader Commission Sales File
2022-01-15 14:10:41,203 INFO com.riachuelo.house.services.CommissionGoalsService [http-nio-8080-exec-1] Step 02 - Reader Commission Goals File
2022-01-15 14:10:41,992 INFO com.riachuelo.house.components.ExportExcel [http-nio-8080-exec-1] Step 04 - Creating Inconsistency Output File
