2022-01-07 11:50:44,919 INFO org.springframework.boot.admin.SpringApplicationAdminMXBeanRegistrar$SpringApplicationAdmin [RMI TCP Connection(56)-127.0.0.1] Application shutdown requested.
2022-01-07 11:50:51,906 INFO org.springframework.boot.StartupInfoLogger [main] Starting GatewayHouseApplication using Java 11.0.12 on Desktop-RRM14 with PID 13080 (C:\wksp_riachuelo\GatewayHouse\target\classes started by rrm14 in C:\wksp_riachuelo\GatewayHouse)
2022-01-07 11:50:51,909 DEBUG org.springframework.boot.StartupInfoLogger [main] Running with Spring Boot v2.6.2, Spring v5.3.14
2022-01-07 11:50:51,910 INFO org.springframework.boot.SpringApplication [main] No active profile set, falling back to default profiles: default
2022-01-07 11:50:52,919 INFO org.springframework.boot.web.embedded.tomcat.TomcatWebServer [main] Tomcat initialized with port(s): 8080 (http)
2022-01-07 11:50:52,933 INFO org.apache.juli.logging.DirectJDKLog [main] Initializing ProtocolHandler ["http-nio-8080"]
2022-01-07 11:50:52,933 INFO org.apache.juli.logging.DirectJDKLog [main] Starting service [Tomcat]
2022-01-07 11:50:52,934 INFO org.apache.juli.logging.DirectJDKLog [main] Starting Servlet engine: [Apache Tomcat/9.0.56]
2022-01-07 11:50:53,050 INFO org.apache.juli.logging.DirectJDKLog [main] Initializing Spring embedded WebApplicationContext
2022-01-07 11:50:53,051 INFO org.springframework.boot.web.servlet.context.ServletWebServerApplicationContext [main] Root WebApplicationContext: initialization completed in 1083 ms
2022-01-07 11:50:53,572 INFO org.apache.juli.logging.DirectJDKLog [main] Starting ProtocolHandler ["http-nio-8080"]
2022-01-07 11:50:53,599 INFO org.springframework.boot.web.embedded.tomcat.TomcatWebServer [main] Tomcat started on port(s): 8080 (http) with context path ''
2022-01-07 11:50:53,608 INFO org.springframework.boot.StartupInfoLogger [main] Started GatewayHouseApplication in 2.248 seconds (JVM running for 7.119)
2022-01-07 11:54:20,908 INFO org.apache.juli.logging.DirectJDKLog [http-nio-8080-exec-1] Initializing Spring DispatcherServlet 'dispatcherServlet'
2022-01-07 11:54:20,909 INFO org.springframework.web.servlet.FrameworkServlet [http-nio-8080-exec-1] Initializing Servlet 'dispatcherServlet'
2022-01-07 11:54:20,910 INFO org.springframework.web.servlet.FrameworkServlet [http-nio-8080-exec-1] Completed initialization in 1 ms
2022-01-07 11:54:20,940 INFO com.riachuelo.house.services.CommissionSalesService [http-nio-8080-exec-1] Step 01 - Reader Commission Sales File
2022-01-07 11:54:20,968 INFO com.riachuelo.house.services.CommissionGoalsService [http-nio-8080-exec-1] Step 02 - Reader Commission Goals File
2022-01-07 11:56:38,902 INFO org.springframework.boot.admin.SpringApplicationAdminMXBeanRegistrar$SpringApplicationAdmin [RMI TCP Connection(13)-127.0.0.1] Application shutdown requested.
2022-01-07 11:56:44,393 INFO org.springframework.boot.StartupInfoLogger [main] Starting GatewayHouseApplication using Java 11.0.12 on Desktop-RRM14 with PID 19724 (C:\wksp_riachuelo\GatewayHouse\target\classes started by rrm14 in C:\wksp_riachuelo\GatewayHouse)
2022-01-07 11:56:44,396 DEBUG org.springframework.boot.StartupInfoLogger [main] Running with Spring Boot v2.6.2, Spring v5.3.14
2022-01-07 11:56:44,396 INFO org.springframework.boot.SpringApplication [main] No active profile set, falling back to default profiles: default
2022-01-07 11:56:45,347 INFO org.springframework.boot.web.embedded.tomcat.TomcatWebServer [main] Tomcat initialized with port(s): 8080 (http)
2022-01-07 11:56:45,360 INFO org.apache.juli.logging.DirectJDKLog [main] Initializing ProtocolHandler ["http-nio-8080"]
2022-01-07 11:56:45,361 INFO org.apache.juli.logging.DirectJDKLog [main] Starting service [Tomcat]
2022-01-07 11:56:45,362 INFO org.apache.juli.logging.DirectJDKLog [main] Starting Servlet engine: [Apache Tomcat/9.0.56]
2022-01-07 11:56:45,476 INFO org.apache.juli.logging.DirectJDKLog [main] Initializing Spring embedded WebApplicationContext
2022-01-07 11:56:45,477 INFO org.springframework.boot.web.servlet.context.ServletWebServerApplicationContext [main] Root WebApplicationContext: initialization completed in 1030 ms
2022-01-07 11:56:45,951 INFO org.apache.juli.logging.DirectJDKLog [main] Starting ProtocolHandler ["http-nio-8080"]
2022-01-07 11:56:45,972 INFO org.springframework.boot.web.embedded.tomcat.TomcatWebServer [main] Tomcat started on port(s): 8080 (http) with context path ''
2022-01-07 11:56:45,982 INFO org.springframework.boot.StartupInfoLogger [main] Started GatewayHouseApplication in 2.107 seconds (JVM running for 3.503)
2022-01-07 11:56:56,303 INFO org.apache.juli.logging.DirectJDKLog [http-nio-8080-exec-2] Initializing Spring DispatcherServlet 'dispatcherServlet'
2022-01-07 11:56:56,304 INFO org.springframework.web.servlet.FrameworkServlet [http-nio-8080-exec-2] Initializing Servlet 'dispatcherServlet'
2022-01-07 11:56:56,305 INFO org.springframework.web.servlet.FrameworkServlet [http-nio-8080-exec-2] Completed initialization in 1 ms
2022-01-07 11:56:56,341 INFO com.riachuelo.house.services.CommissionSalesService [http-nio-8080-exec-2] Step 01 - Reader Commission Sales File
2022-01-07 11:56:56,371 INFO com.riachuelo.house.services.CommissionGoalsService [http-nio-8080-exec-2] Step 02 - Reader Commission Goals File
2022-01-07 11:56:56,707 INFO com.riachuelo.house.components.ExportExcel [http-nio-8080-exec-2] Step 04 - Creating Inconsistency Output File
2022-01-07 11:56:56,794 INFO com.riachuelo.house.components.ExportExcel [http-nio-8080-exec-2] Step 05 - File Created Successfully
2022-01-07 12:00:41,652 INFO org.springframework.boot.admin.SpringApplicationAdminMXBeanRegistrar$SpringApplicationAdmin [RMI TCP Connection(13)-127.0.0.1] Application shutdown requested.
2022-01-07 12:00:44,945 INFO org.springframework.boot.StartupInfoLogger [main] Starting GatewayHouseApplication using Java 11.0.12 on Desktop-RRM14 with PID 7912 (C:\wksp_riachuelo\GatewayHouse\target\classes started by rrm14 in C:\wksp_riachuelo\GatewayHouse)
2022-01-07 12:00:44,948 DEBUG org.springframework.boot.StartupInfoLogger [main] Running with Spring Boot v2.6.2, Spring v5.3.14
2022-01-07 12:00:44,948 INFO org.springframework.boot.SpringApplication [main] No active profile set, falling back to default profiles: default
2022-01-07 12:00:45,907 INFO org.springframework.boot.web.embedded.tomcat.TomcatWebServer [main] Tomcat initialized with port(s): 8080 (http)
2022-01-07 12:00:45,918 INFO org.apache.juli.logging.DirectJDKLog [main] Initializing ProtocolHandler ["http-nio-8080"]
2022-01-07 12:00:45,919 INFO org.apache.juli.logging.DirectJDKLog [main] Starting service [Tomcat]
2022-01-07 12:00:45,919 INFO org.apache.juli.logging.DirectJDKLog [main] Starting Servlet engine: [Apache Tomcat/9.0.56]
2022-01-07 12:00:46,009 INFO org.apache.juli.logging.DirectJDKLog [main] Initializing Spring embedded WebApplicationContext
2022-01-07 12:00:46,009 INFO org.springframework.boot.web.servlet.context.ServletWebServerApplicationContext [main] Root WebApplicationContext: initialization completed in 1003 ms
2022-01-07 12:00:46,495 INFO org.apache.juli.logging.DirectJDKLog [main] Starting ProtocolHandler ["http-nio-8080"]
2022-01-07 12:00:46,518 INFO org.springframework.boot.web.embedded.tomcat.TomcatWebServer [main] Tomcat started on port(s): 8080 (http) with context path ''
2022-01-07 12:00:46,527 INFO org.springframework.boot.StartupInfoLogger [main] Started GatewayHouseApplication in 2.081 seconds (JVM running for 3.372)
2022-01-07 12:00:50,581 INFO org.apache.juli.logging.DirectJDKLog [http-nio-8080-exec-2] Initializing Spring DispatcherServlet 'dispatcherServlet'
2022-01-07 12:00:50,582 INFO org.springframework.web.servlet.FrameworkServlet [http-nio-8080-exec-2] Initializing Servlet 'dispatcherServlet'
2022-01-07 12:00:50,585 INFO org.springframework.web.servlet.FrameworkServlet [http-nio-8080-exec-2] Completed initialization in 2 ms
